# JRE version: OpenJDK Runtime Environment Temurin-21.0.8+9 (21.0.8+9) (build 21.0.8+9-LTS)
# Java VM: OpenJDK 64-Bit Server VM Temurin-21.0.8+9 (21.0.8+9-LTS, mixed mode, sharing, tiered, compressed oops, compressed class ptrs, parallel gc, windows-amd64)
GC Precious Log:
 CardTable entry size: 512
 CPUs: 16 total, 16 available
 Memory: 7893M
 Large Page Support: Disabled
 NUMA Support: Disabled
 Compressed Oops: Enabled (32-bit)
 Alignments: Space 512K, Generation 512K, Heap 2M
 Heap Min Capacity: 100M
 Heap Initial Capacity: 100M
 Heap Max Capacity: 2G
 Pre-touch: Disabled
 Parallel Workers: 13
Heap:
 PSYoungGen      total 115200K, used 108536K [0x00000000d5580000, 0x00000000def80000, 0x0000000100000000)
  eden space 114176K, 94% used [0x00000000d5580000,0x00000000dbe80f60,0x00000000dc500000)
  from space 1024K, 98% used [0x00000000dee80000,0x00000000def7d250,0x00000000def80000)
  to   space 9728K, 0% used [0x00000000ddc80000,0x00000000ddc80000,0x00000000de600000)
 ParOldGen       total 1060352K, used 369146K [0x0000000080000000, 0x00000000c0b80000, 0x00000000d5580000)
  object space 1060352K, 34% used [0x0000000080000000,0x000000009687ea08,0x00000000c0b80000)
 Metaspace       used 73441K, committed 75136K, reserved 1179648K
  class space    used 7329K, committed 8064K, reserved 1048576K
GC Heap History (20 events):
Event: 1106.008 GC heap before
{Heap before GC invocations=1805 (full 4):
 PSYoungGen      total 74752K, used 74497K [0x00000000d5580000, 0x00000000da280000, 0x0000000100000000)
  eden space 72704K, 100% used [0x00000000d5580000,0x00000000d9c80000,0x00000000d9c80000)
  from space 2048K, 87% used [0x00000000da080000,0x00000000da2407e0,0x00000000da280000)
  to   space 2560K, 0% used [0x00000000d9d80000,0x00000000d9d80000,0x00000000da000000)
 ParOldGen       total 1060352K, used 352991K [0x0000000080000000, 0x00000000c0b80000, 0x00000000d5580000)
  object space 1060352K, 33% used [0x0000000080000000,0x00000000958b7fe8,0x00000000c0b80000)
 Metaspace       used 72528K, committed 74240K, reserved 1179648K
  class space    used 7271K, committed 8000K, reserved 1048576K
}
Event: 1106.017 GC heap after
{Heap after GC invocations=1805 (full 4):
 PSYoungGen      total 76288K, used 1407K [0x00000000d5580000, 0x00000000daf00000, 0x0000000100000000)
  eden space 73728K, 0% used [0x00000000d5580000,0x00000000d5580000,0x00000000d9d80000)
  from space 2560K, 54% used [0x00000000d9d80000,0x00000000d9edffb0,0x00000000da000000)
  to   space 2048K, 0% used [0x00000000dad00000,0x00000000dad00000,0x00000000daf00000)
 ParOldGen       total 1060352K, used 353207K [0x0000000080000000, 0x00000000c0b80000, 0x00000000d5580000)
  object space 1060352K, 33% used [0x0000000080000000,0x00000000958edfe8,0x00000000c0b80000)
 Metaspace       used 72528K, committed 74240K, reserved 1179648K
  class space    used 7271K, committed 8000K, reserved 1048576K
}
Event: 1106.286 GC heap before
{Heap before GC invocations=1806 (full 4):
 PSYoungGen      total 76288K, used 75135K [0x00000000d5580000, 0x00000000daf00000, 0x0000000100000000)
  eden space 73728K, 100% used [0x00000000d5580000,0x00000000d9d80000,0x00000000d9d80000)
  from space 2560K, 54% used [0x00000000d9d80000,0x00000000d9edffb0,0x00000000da000000)
  to   space 2048K, 0% used [0x00000000dad00000,0x00000000dad00000,0x00000000daf00000)
 ParOldGen       total 1060352K, used 353207K [0x0000000080000000, 0x00000000c0b80000, 0x00000000d5580000)
  object space 1060352K, 33% used [0x0000000080000000,0x00000000958edfe8,0x00000000c0b80000)
 Metaspace       used 72528K, committed 74240K, reserved 1179648K
  class space    used 7271K, committed 8000K, reserved 1048576K
}
Event: 1106.292 GC heap after
{Heap after GC invocations=1806 (full 4):
 PSYoungGen      total 90112K, used 1269K [0x00000000d5580000, 0x00000000daf00000, 0x0000000100000000)
  eden space 88064K, 0% used [0x00000000d5580000,0x00000000d5580000,0x00000000dab80000)
  from space 2048K, 61% used [0x00000000dad00000,0x00000000dae3d410,0x00000000daf00000)
  to   space 1536K, 0% used [0x00000000dab80000,0x00000000dab80000,0x00000000dad00000)
 ParOldGen       total 1060352K, used 354238K [0x0000000080000000, 0x00000000c0b80000, 0x00000000d5580000)
  object space 1060352K, 33% used [0x0000000080000000,0x00000000959ef8f8,0x00000000c0b80000)
 Metaspace       used 72528K, committed 74240K, reserved 1179648K
  class space    used 7271K, committed 8000K, reserved 1048576K
}
Event: 1106.858 GC heap before
{Heap before GC invocations=1807 (full 4):
 PSYoungGen      total 90112K, used 89333K [0x00000000d5580000, 0x00000000daf00000, 0x0000000100000000)
  eden space 88064K, 100% used [0x00000000d5580000,0x00000000dab80000,0x00000000dab80000)
  from space 2048K, 61% used [0x00000000dad00000,0x00000000dae3d410,0x00000000daf00000)
  to   space 1536K, 0% used [0x00000000dab80000,0x00000000dab80000,0x00000000dad00000)
 ParOldGen       total 1060352K, used 354238K [0x0000000080000000, 0x00000000c0b80000, 0x00000000d5580000)
  object space 1060352K, 33% used [0x0000000080000000,0x00000000959ef8f8,0x00000000c0b80000)
 Metaspace       used 72528K, committed 74240K, reserved 1179648K
  class space    used 7271K, committed 8000K, reserved 1048576K
}
Event: 1106.923 GC heap after
{Heap after GC invocations=1807 (full 4):
 PSYoungGen      total 89600K, used 1525K [0x00000000d5580000, 0x00000000dc500000, 0x0000000100000000)
  eden space 88064K, 0% used [0x00000000d5580000,0x00000000d5580000,0x00000000dab80000)
  from space 1536K, 99% used [0x00000000dab80000,0x00000000dacfd488,0x00000000dad00000)
  to   space 4096K, 0% used [0x00000000dc100000,0x00000000dc100000,0x00000000dc500000)
 ParOldGen       total 1060352K, used 355971K [0x0000000080000000, 0x00000000c0b80000, 0x00000000d5580000)
  object space 1060352K, 33% used [0x0000000080000000,0x0000000095ba0d58,0x00000000c0b80000)
 Metaspace       used 72528K, committed 74240K, reserved 1179648K
  class space    used 7271K, committed 8000K, reserved 1048576K
}
Event: 1107.228 GC heap before
{Heap before GC invocations=1808 (full 4):
 PSYoungGen      total 89600K, used 89589K [0x00000000d5580000, 0x00000000dc500000, 0x0000000100000000)
  eden space 88064K, 100% used [0x00000000d5580000,0x00000000dab80000,0x00000000dab80000)
  from space 1536K, 99% used [0x00000000dab80000,0x00000000dacfd488,0x00000000dad00000)
  to   space 4096K, 0% used [0x00000000dc100000,0x00000000dc100000,0x00000000dc500000)
 ParOldGen       total 1060352K, used 355971K [0x0000000080000000, 0x00000000c0b80000, 0x00000000d5580000)
  object space 1060352K, 33% used [0x0000000080000000,0x0000000095ba0d58,0x00000000c0b80000)
 Metaspace       used 72528K, committed 74240K, reserved 1179648K
  class space    used 7271K, committed 8000K, reserved 1048576K
}
Event: 1107.315 GC heap after
{Heap after GC invocations=1808 (full 4):
 PSYoungGen      total 107008K, used 705K [0x00000000d5580000, 0x00000000dc200000, 0x0000000100000000)
  eden space 105984K, 0% used [0x00000000d5580000,0x00000000d5580000,0x00000000dbd00000)
  from space 1024K, 68% used [0x00000000dc100000,0x00000000dc1b0450,0x00000000dc200000)
  to   space 2048K, 0% used [0x00000000dbe00000,0x00000000dbe00000,0x00000000dc000000)
 ParOldGen       total 1060352K, used 356914K [0x0000000080000000, 0x00000000c0b80000, 0x00000000d5580000)
  object space 1060352K, 33% used [0x0000000080000000,0x0000000095c8ca40,0x00000000c0b80000)
 Metaspace       used 72528K, committed 74240K, reserved 1179648K
  class space    used 7271K, committed 8000K, reserved 1048576K
}
Event: 1107.525 GC heap before
{Heap before GC invocations=1809 (full 4):
 PSYoungGen      total 107008K, used 106689K [0x00000000d5580000, 0x00000000dc200000, 0x0000000100000000)
  eden space 105984K, 100% used [0x00000000d5580000,0x00000000dbd00000,0x00000000dbd00000)
  from space 1024K, 68% used [0x00000000dc100000,0x00000000dc1b0450,0x00000000dc200000)
  to   space 2048K, 0% used [0x00000000dbe00000,0x00000000dbe00000,0x00000000dc000000)
 ParOldGen       total 1060352K, used 356914K [0x0000000080000000, 0x00000000c0b80000, 0x00000000d5580000)
  object space 1060352K, 33% used [0x0000000080000000,0x0000000095c8ca40,0x00000000c0b80000)
 Metaspace       used 72528K, committed 74240K, reserved 1179648K
  class space    used 7271K, committed 8000K, reserved 1048576K
}
Event: 1107.595 GC heap after
{Heap after GC invocations=1809 (full 4):
 PSYoungGen      total 109056K, used 2011K [0x00000000d5580000, 0x00000000dd700000, 0x0000000100000000)
  eden space 107008K, 0% used [0x00000000d5580000,0x00000000d5580000,0x00000000dbe00000)
  from space 2048K, 98% used [0x00000000dbe00000,0x00000000dbff6c80,0x00000000dc000000)
  to   space 2560K, 0% used [0x00000000dd480000,0x00000000dd480000,0x00000000dd700000)
 ParOldGen       total 1060352K, used 357382K [0x0000000080000000, 0x00000000c0b80000, 0x00000000d5580000)
  object space 1060352K, 33% used [0x0000000080000000,0x0000000095d01a08,0x00000000c0b80000)
 Metaspace       used 72528K, committed 74240K, reserved 1179648K
  class space    used 7271K, committed 8000K, reserved 1048576K
}
Event: 1107.729 GC heap before
{Heap before GC invocations=1810 (full 4):
 PSYoungGen      total 109056K, used 109019K [0x00000000d5580000, 0x00000000dd700000, 0x0000000100000000)
  eden space 107008K, 100% used [0x00000000d5580000,0x00000000dbe00000,0x00000000dbe00000)
  from space 2048K, 98% used [0x00000000dbe00000,0x00000000dbff6c80,0x00000000dc000000)
  to   space 2560K, 0% used [0x00000000dd480000,0x00000000dd480000,0x00000000dd700000)
 ParOldGen       total 1060352K, used 357382K [0x0000000080000000, 0x00000000c0b80000, 0x00000000d5580000)
  object space 1060352K, 33% used [0x0000000080000000,0x0000000095d01a08,0x00000000c0b80000)
 Metaspace       used 72528K, committed 74240K, reserved 1179648K
  class space    used 7271K, committed 8000K, reserved 1048576K
}
Event: 1107.775 GC heap after
{Heap after GC invocations=1810 (full 4):
 PSYoungGen      total 130048K, used 576K [0x00000000d5580000, 0x00000000dd600000, 0x0000000100000000)
  eden space 128512K, 0% used [0x00000000d5580000,0x00000000d5580000,0x00000000dd300000)
  from space 1536K, 37% used [0x00000000dd480000,0x00000000dd510000,0x00000000dd600000)
  to   space 1536K, 0% used [0x00000000dd300000,0x00000000dd300000,0x00000000dd480000)
 ParOldGen       total 1060352K, used 359068K [0x0000000080000000, 0x00000000c0b80000, 0x00000000d5580000)
  object space 1060352K, 33% used [0x0000000080000000,0x0000000095ea7190,0x00000000c0b80000)
 Metaspace       used 72528K, committed 74240K, reserved 1179648K
  class space    used 7271K, committed 8000K, reserved 1048576K
}
Event: 1107.954 GC heap before
{Heap before GC invocations=1811 (full 4):
 PSYoungGen      total 130048K, used 129088K [0x00000000d5580000, 0x00000000dd600000, 0x0000000100000000)
  eden space 128512K, 100% used [0x00000000d5580000,0x00000000dd300000,0x00000000dd300000)
  from space 1536K, 37% used [0x00000000dd480000,0x00000000dd510000,0x00000000dd600000)
  to   space 1536K, 0% used [0x00000000dd300000,0x00000000dd300000,0x00000000dd480000)
 ParOldGen       total 1060352K, used 359068K [0x0000000080000000, 0x00000000c0b80000, 0x00000000d5580000)
  object space 1060352K, 33% used [0x0000000080000000,0x0000000095ea7190,0x00000000c0b80000)
 Metaspace       used 72528K, committed 74240K, reserved 1179648K
  class space    used 7271K, committed 8000K, reserved 1048576K
}
Event: 1107.980 GC heap after
{Heap after GC invocations=1811 (full 4):
 PSYoungGen      total 130048K, used 1523K [0x00000000d5580000, 0x00000000df180000, 0x0000000100000000)
  eden space 128512K, 0% used [0x00000000d5580000,0x00000000d5580000,0x00000000dd300000)
  from space 1536K, 99% used [0x00000000dd300000,0x00000000dd47ccb8,0x00000000dd480000)
  to   space 2560K, 0% used [0x00000000def00000,0x00000000def00000,0x00000000df180000)
 ParOldGen       total 1060352K, used 359577K [0x0000000080000000, 0x00000000c0b80000, 0x00000000d5580000)
  object space 1060352K, 33% used [0x0000000080000000,0x0000000095f264a8,0x00000000c0b80000)
 Metaspace       used 72528K, committed 74240K, reserved 1179648K
  class space    used 7271K, committed 8000K, reserved 1048576K
}
Event: 1108.260 GC heap before
{Heap before GC invocations=1812 (full 4):
 PSYoungGen      total 130048K, used 130035K [0x00000000d5580000, 0x00000000df180000, 0x0000000100000000)
  eden space 128512K, 100% used [0x00000000d5580000,0x00000000dd300000,0x00000000dd300000)
  from space 1536K, 99% used [0x00000000dd300000,0x00000000dd47ccb8,0x00000000dd480000)
  to   space 2560K, 0% used [0x00000000def00000,0x00000000def00000,0x00000000df180000)
 ParOldGen       total 1060352K, used 359577K [0x0000000080000000, 0x00000000c0b80000, 0x00000000d5580000)
  object space 1060352K, 33% used [0x0000000080000000,0x0000000095f264a8,0x00000000c0b80000)
 Metaspace       used 72546K, committed 74240K, reserved 1179648K
  class space    used 7272K, committed 8000K, reserved 1048576K
}
Event: 1108.275 GC heap after
{Heap after GC invocations=1812 (full 4):
 PSYoungGen      total 124928K, used 1336K [0x00000000d5580000, 0x00000000df080000, 0x0000000100000000)
  eden space 123392K, 0% used [0x00000000d5580000,0x00000000d5580000,0x00000000dce00000)
  from space 1536K, 86% used [0x00000000def00000,0x00000000df04e010,0x00000000df080000)
  to   space 2048K, 0% used [0x00000000dec80000,0x00000000dec80000,0x00000000dee80000)
 ParOldGen       total 1060352K, used 360842K [0x0000000080000000, 0x00000000c0b80000, 0x00000000d5580000)
  object space 1060352K, 34% used [0x0000000080000000,0x0000000096062a50,0x00000000c0b80000)
 Metaspace       used 72546K, committed 74240K, reserved 1179648K
  class space    used 7272K, committed 8000K, reserved 1048576K
}
Event: 1108.573 GC heap before
{Heap before GC invocations=1813 (full 4):
 PSYoungGen      total 124928K, used 124728K [0x00000000d5580000, 0x00000000df080000, 0x0000000100000000)
  eden space 123392K, 100% used [0x00000000d5580000,0x00000000dce00000,0x00000000dce00000)
  from space 1536K, 86% used [0x00000000def00000,0x00000000df04e010,0x00000000df080000)
  to   space 2048K, 0% used [0x00000000dec80000,0x00000000dec80000,0x00000000dee80000)
 ParOldGen       total 1060352K, used 360842K [0x0000000080000000, 0x00000000c0b80000, 0x00000000d5580000)
  object space 1060352K, 34% used [0x0000000080000000,0x0000000096062a50,0x00000000c0b80000)
 Metaspace       used 72605K, committed 74304K, reserved 1179648K
  class space    used 7276K, committed 8000K, reserved 1048576K
}
Event: 1108.583 GC heap after
{Heap after GC invocations=1813 (full 4):
 PSYoungGen      total 120832K, used 1843K [0x00000000d5580000, 0x00000000def80000, 0x0000000100000000)
  eden space 118784K, 0% used [0x00000000d5580000,0x00000000d5580000,0x00000000dc980000)
  from space 2048K, 90% used [0x00000000dec80000,0x00000000dee4cee8,0x00000000dee80000)
  to   space 1024K, 0% used [0x00000000dee80000,0x00000000dee80000,0x00000000def80000)
 ParOldGen       total 1060352K, used 361836K [0x0000000080000000, 0x00000000c0b80000, 0x00000000d5580000)
  object space 1060352K, 34% used [0x0000000080000000,0x000000009615b208,0x00000000c0b80000)
 Metaspace       used 72605K, committed 74304K, reserved 1179648K
  class space    used 7276K, committed 8000K, reserved 1048576K
}
Event: 1109.973 GC heap before
{Heap before GC invocations=1814 (full 4):
 PSYoungGen      total 120832K, used 120627K [0x00000000d5580000, 0x00000000def80000, 0x0000000100000000)
  eden space 118784K, 100% used [0x00000000d5580000,0x00000000dc980000,0x00000000dc980000)
  from space 2048K, 90% used [0x00000000dec80000,0x00000000dee4cee8,0x00000000dee80000)
  to   space 1024K, 0% used [0x00000000dee80000,0x00000000dee80000,0x00000000def80000)
 ParOldGen       total 1060352K, used 361836K [0x0000000080000000, 0x00000000c0b80000, 0x00000000d5580000)
  object space 1060352K, 34% used [0x0000000080000000,0x000000009615b208,0x00000000c0b80000)
 Metaspace       used 72968K, committed 74624K, reserved 1179648K
  class space    used 7301K, committed 8000K, reserved 1048576K
}
Event: 1110.089 GC heap after
{Heap after GC invocations=1814 (full 4):
 PSYoungGen      total 115200K, used 1012K [0x00000000d5580000, 0x00000000def80000, 0x0000000100000000)
  eden space 114176K, 0% used [0x00000000d5580000,0x00000000d5580000,0x00000000dc500000)
  from space 1024K, 98% used [0x00000000dee80000,0x00000000def7d250,0x00000000def80000)
  to   space 9728K, 0% used [0x00000000ddc80000,0x00000000ddc80000,0x00000000de600000)
 ParOldGen       total 1060352K, used 369146K [0x0000000080000000, 0x00000000c0b80000, 0x00000000d5580000)
  object space 1060352K, 34% used [0x0000000080000000,0x000000009687ea08,0x00000000c0b80000)
 Metaspace       used 72968K, committed 74624K, reserved 1179648K
  class space    used 7301K, committed 8000K, reserved 1048576K
}

