# JRE version: OpenJDK Runtime Environment Temurin-21.0.8+9 (21.0.8+9) (build 21.0.8+9-LTS)
# Java VM: OpenJDK 64-Bit Server VM Temurin-21.0.8+9 (21.0.8+9-LTS, mixed mode, sharing, tiered, compressed oops, compressed class ptrs, parallel gc, windows-amd64)
GC Precious Log:
 CardTable entry size: 512
 CPUs: 16 total, 16 available
 Memory: 7893M
 Large Page Support: Disabled
 NUMA Support: Disabled
 Compressed Oops: Enabled (32-bit)
 Alignments: Space 512K, Generation 512K, Heap 2M
 Heap Min Capacity: 100M
 Heap Initial Capacity: 100M
 Heap Max Capacity: 2G
 Pre-touch: Disabled
 Parallel Workers: 13
Heap:
 PSYoungGen      total 6656K, used 1024K [0x00000000d5580000, 0x00000000d5f00000, 0x0000000100000000)
  eden space 5632K, 0% used [0x00000000d5580000,0x00000000d5580000,0x00000000d5b00000)
  from space 1024K, 100% used [0x00000000d5c80000,0x00000000d5d80000,0x00000000d5d80000)
  to   space 1536K, 0% used [0x00000000d5d80000,0x00000000d5d80000,0x00000000d5f00000)
 ParOldGen       total 1140736K, used 1140646K [0x0000000080000000, 0x00000000c5a00000, 0x00000000d5580000)
  object space 1140736K, 99% used [0x0000000080000000,0x00000000c59e9940,0x00000000c5a00000)
 Metaspace       used 77773K, committed 79360K, reserved 1179648K
  class space    used 8085K, committed 8832K, reserved 1048576K
GC Heap History (20 events):
Event: 2798.829 GC heap before
{Heap before GC invocations=2134 (full 3):
 PSYoungGen      total 14848K, used 13848K [0x00000000d5580000, 0x00000000d6a00000, 0x0000000100000000)
  eden space 8192K, 100% used [0x00000000d5580000,0x00000000d5d80000,0x00000000d5d80000)
  from space 6656K, 84% used [0x00000000d6380000,0x00000000d6906000,0x00000000d6a00000)
  to   space 6144K, 0% used [0x00000000d5d80000,0x00000000d5d80000,0x00000000d6380000)
 ParOldGen       total 1100800K, used 1100426K [0x0000000080000000, 0x00000000c3300000, 0x00000000d5580000)
  object space 1100800K, 99% used [0x0000000080000000,0x00000000c32a2bf8,0x00000000c3300000)
 Metaspace       used 77408K, committed 79040K, reserved 1179648K
  class space    used 8071K, committed 8832K, reserved 1048576K
}
Event: 2798.842 GC heap after
{Heap after GC invocations=2134 (full 3):
 PSYoungGen      total 14336K, used 6137K [0x00000000d5580000, 0x00000000d7580000, 0x0000000100000000)
  eden space 8192K, 0% used [0x00000000d5580000,0x00000000d5580000,0x00000000d5d80000)
  from space 6144K, 99% used [0x00000000d5d80000,0x00000000d637e7f8,0x00000000d6380000)
  to   space 12288K, 0% used [0x00000000d6980000,0x00000000d6980000,0x00000000d7580000)
 ParOldGen       total 1105408K, used 1105394K [0x0000000080000000, 0x00000000c3780000, 0x00000000d5580000)
  object space 1105408K, 99% used [0x0000000080000000,0x00000000c377cbf8,0x00000000c3780000)
 Metaspace       used 77408K, committed 79040K, reserved 1179648K
  class space    used 8071K, committed 8832K, reserved 1048576K
}
Event: 2798.888 GC heap before
{Heap before GC invocations=2135 (full 3):
 PSYoungGen      total 14336K, used 14329K [0x00000000d5580000, 0x00000000d7580000, 0x0000000100000000)
  eden space 8192K, 100% used [0x00000000d5580000,0x00000000d5d80000,0x00000000d5d80000)
  from space 6144K, 99% used [0x00000000d5d80000,0x00000000d637e7f8,0x00000000d6380000)
  to   space 12288K, 0% used [0x00000000d6980000,0x00000000d6980000,0x00000000d7580000)
 ParOldGen       total 1105408K, used 1105394K [0x0000000080000000, 0x00000000c3780000, 0x00000000d5580000)
  object space 1105408K, 99% used [0x0000000080000000,0x00000000c377cbf8,0x00000000c3780000)
 Metaspace       used 77412K, committed 79040K, reserved 1179648K
  class space    used 8071K, committed 8832K, reserved 1048576K
}
Event: 2798.901 GC heap after
{Heap after GC invocations=2135 (full 3):
 PSYoungGen      total 14848K, used 6616K [0x00000000d5580000, 0x00000000d7000000, 0x0000000100000000)
  eden space 8192K, 0% used [0x00000000d5580000,0x00000000d5580000,0x00000000d5d80000)
  from space 6656K, 99% used [0x00000000d6980000,0x00000000d6ff6308,0x00000000d7000000)
  to   space 8704K, 0% used [0x00000000d5f00000,0x00000000d5f00000,0x00000000d6780000)
 ParOldGen       total 1111552K, used 1111532K [0x0000000080000000, 0x00000000c3d80000, 0x00000000d5580000)
  object space 1111552K, 99% used [0x0000000080000000,0x00000000c3d7b170,0x00000000c3d80000)
 Metaspace       used 77412K, committed 79040K, reserved 1179648K
  class space    used 8071K, committed 8832K, reserved 1048576K
}
Event: 2798.943 GC heap before
{Heap before GC invocations=2136 (full 3):
 PSYoungGen      total 14848K, used 14808K [0x00000000d5580000, 0x00000000d7000000, 0x0000000100000000)
  eden space 8192K, 100% used [0x00000000d5580000,0x00000000d5d80000,0x00000000d5d80000)
  from space 6656K, 99% used [0x00000000d6980000,0x00000000d6ff6308,0x00000000d7000000)
  to   space 8704K, 0% used [0x00000000d5f00000,0x00000000d5f00000,0x00000000d6780000)
 ParOldGen       total 1111552K, used 1111532K [0x0000000080000000, 0x00000000c3d80000, 0x00000000d5580000)
  object space 1111552K, 99% used [0x0000000080000000,0x00000000c3d7b170,0x00000000c3d80000)
 Metaspace       used 77424K, committed 79040K, reserved 1179648K
  class space    used 8071K, committed 8832K, reserved 1048576K
}
Event: 2798.958 GC heap after
{Heap after GC invocations=2136 (full 3):
 PSYoungGen      total 13824K, used 5338K [0x00000000d5580000, 0x00000000d6a00000, 0x0000000100000000)
  eden space 8192K, 0% used [0x00000000d5580000,0x00000000d5580000,0x00000000d5d80000)
  from space 5632K, 94% used [0x00000000d5f00000,0x00000000d64368d0,0x00000000d6480000)
  to   space 5632K, 0% used [0x00000000d6480000,0x00000000d6480000,0x00000000d6a00000)
 ParOldGen       total 1118208K, used 1118010K [0x0000000080000000, 0x00000000c4400000, 0x00000000d5580000)
  object space 1118208K, 99% used [0x0000000080000000,0x00000000c43ce8c0,0x00000000c4400000)
 Metaspace       used 77424K, committed 79040K, reserved 1179648K
  class space    used 8071K, committed 8832K, reserved 1048576K
}
Event: 2799.063 GC heap before
{Heap before GC invocations=2137 (full 3):
 PSYoungGen      total 13824K, used 13527K [0x00000000d5580000, 0x00000000d6a00000, 0x0000000100000000)
  eden space 8192K, 99% used [0x00000000d5580000,0x00000000d5d7f3e0,0x00000000d5d80000)
  from space 5632K, 94% used [0x00000000d5f00000,0x00000000d64368d0,0x00000000d6480000)
  to   space 5632K, 0% used [0x00000000d6480000,0x00000000d6480000,0x00000000d6a00000)
 ParOldGen       total 1118208K, used 1118010K [0x0000000080000000, 0x00000000c4400000, 0x00000000d5580000)
  object space 1118208K, 99% used [0x0000000080000000,0x00000000c43ce8c0,0x00000000c4400000)
 Metaspace       used 77426K, committed 79040K, reserved 1179648K
  class space    used 8071K, committed 8832K, reserved 1048576K
}
Event: 2799.075 GC heap after
{Heap after GC invocations=2137 (full 3):
 PSYoungGen      total 12800K, used 4506K [0x00000000d5580000, 0x00000000d6900000, 0x0000000100000000)
  eden space 8192K, 0% used [0x00000000d5580000,0x00000000d5580000,0x00000000d5d80000)
  from space 4608K, 97% used [0x00000000d6480000,0x00000000d68e6b10,0x00000000d6900000)
  to   space 5120K, 0% used [0x00000000d5f00000,0x00000000d5f00000,0x00000000d6400000)
 ParOldGen       total 1122816K, used 1122791K [0x0000000080000000, 0x00000000c4880000, 0x00000000d5580000)
  object space 1122816K, 99% used [0x0000000080000000,0x00000000c4879e58,0x00000000c4880000)
 Metaspace       used 77426K, committed 79040K, reserved 1179648K
  class space    used 8071K, committed 8832K, reserved 1048576K
}
Event: 2799.207 GC heap before
{Heap before GC invocations=2138 (full 3):
 PSYoungGen      total 12800K, used 12698K [0x00000000d5580000, 0x00000000d6900000, 0x0000000100000000)
  eden space 8192K, 100% used [0x00000000d5580000,0x00000000d5d80000,0x00000000d5d80000)
  from space 4608K, 97% used [0x00000000d6480000,0x00000000d68e6b10,0x00000000d6900000)
  to   space 5120K, 0% used [0x00000000d5f00000,0x00000000d5f00000,0x00000000d6400000)
 ParOldGen       total 1122816K, used 1122791K [0x0000000080000000, 0x00000000c4880000, 0x00000000d5580000)
  object space 1122816K, 99% used [0x0000000080000000,0x00000000c4879e58,0x00000000c4880000)
 Metaspace       used 77471K, committed 79104K, reserved 1179648K
  class space    used 8072K, committed 8832K, reserved 1048576K
}
Event: 2799.216 GC heap after
{Heap after GC invocations=2138 (full 3):
 PSYoungGen      total 9728K, used 1358K [0x00000000d5580000, 0x00000000d6500000, 0x0000000100000000)
  eden space 8192K, 0% used [0x00000000d5580000,0x00000000d5580000,0x00000000d5d80000)
  from space 1536K, 88% used [0x00000000d5f00000,0x00000000d6053b00,0x00000000d6080000)
  to   space 3072K, 0% used [0x00000000d6200000,0x00000000d6200000,0x00000000d6500000)
 ParOldGen       total 1126400K, used 1126334K [0x0000000080000000, 0x00000000c4c00000, 0x00000000d5580000)
  object space 1126400K, 99% used [0x0000000080000000,0x00000000c4bef9d0,0x00000000c4c00000)
 Metaspace       used 77471K, committed 79104K, reserved 1179648K
  class space    used 8072K, committed 8832K, reserved 1048576K
}
Event: 2799.338 GC heap before
{Heap before GC invocations=2139 (full 3):
 PSYoungGen      total 9728K, used 9550K [0x00000000d5580000, 0x00000000d6500000, 0x0000000100000000)
  eden space 8192K, 100% used [0x00000000d5580000,0x00000000d5d80000,0x00000000d5d80000)
  from space 1536K, 88% used [0x00000000d5f00000,0x00000000d6053b00,0x00000000d6080000)
  to   space 3072K, 0% used [0x00000000d6200000,0x00000000d6200000,0x00000000d6500000)
 ParOldGen       total 1126400K, used 1126334K [0x0000000080000000, 0x00000000c4c00000, 0x00000000d5580000)
  object space 1126400K, 99% used [0x0000000080000000,0x00000000c4bef9d0,0x00000000c4c00000)
 Metaspace       used 77528K, committed 79168K, reserved 1179648K
  class space    used 8074K, committed 8832K, reserved 1048576K
}
Event: 2799.346 GC heap after
{Heap after GC invocations=2139 (full 3):
 PSYoungGen      total 10240K, used 1842K [0x00000000d5580000, 0x00000000d6400000, 0x0000000100000000)
  eden space 8192K, 0% used [0x00000000d5580000,0x00000000d5580000,0x00000000d5d80000)
  from space 2048K, 89% used [0x00000000d6200000,0x00000000d63cc828,0x00000000d6400000)
  to   space 2048K, 0% used [0x00000000d6000000,0x00000000d6000000,0x00000000d6200000)
 ParOldGen       total 1127936K, used 1127562K [0x0000000080000000, 0x00000000c4d80000, 0x00000000d5580000)
  object space 1127936K, 99% used [0x0000000080000000,0x00000000c4d22bb0,0x00000000c4d80000)
 Metaspace       used 77528K, committed 79168K, reserved 1179648K
  class space    used 8074K, committed 8832K, reserved 1048576K
}
Event: 2799.521 GC heap before
{Heap before GC invocations=2140 (full 3):
 PSYoungGen      total 10240K, used 9972K [0x00000000d5580000, 0x00000000d6400000, 0x0000000100000000)
  eden space 8192K, 99% used [0x00000000d5580000,0x00000000d5d707e8,0x00000000d5d80000)
  from space 2048K, 89% used [0x00000000d6200000,0x00000000d63cc828,0x00000000d6400000)
  to   space 2048K, 0% used [0x00000000d6000000,0x00000000d6000000,0x00000000d6200000)
 ParOldGen       total 1127936K, used 1127562K [0x0000000080000000, 0x00000000c4d80000, 0x00000000d5580000)
  object space 1127936K, 99% used [0x0000000080000000,0x00000000c4d22bb0,0x00000000c4d80000)
 Metaspace       used 77602K, committed 79232K, reserved 1179648K
  class space    used 8081K, committed 8832K, reserved 1048576K
}
Event: 2799.531 GC heap after
{Heap after GC invocations=2140 (full 3):
 PSYoungGen      total 10240K, used 2035K [0x00000000d5580000, 0x00000000d6580000, 0x0000000100000000)
  eden space 8192K, 0% used [0x00000000d5580000,0x00000000d5580000,0x00000000d5d80000)
  from space 2048K, 99% used [0x00000000d6000000,0x00000000d61fccb0,0x00000000d6200000)
  to   space 3584K, 0% used [0x00000000d6200000,0x00000000d6200000,0x00000000d6580000)
 ParOldGen       total 1129472K, used 1129177K [0x0000000080000000, 0x00000000c4f00000, 0x00000000d5580000)
  object space 1129472K, 99% used [0x0000000080000000,0x00000000c4eb64b0,0x00000000c4f00000)
 Metaspace       used 77602K, committed 79232K, reserved 1179648K
  class space    used 8081K, committed 8832K, reserved 1048576K
}
Event: 2799.630 GC heap before
{Heap before GC invocations=2141 (full 3):
 PSYoungGen      total 10240K, used 10227K [0x00000000d5580000, 0x00000000d6580000, 0x0000000100000000)
  eden space 8192K, 100% used [0x00000000d5580000,0x00000000d5d80000,0x00000000d5d80000)
  from space 2048K, 99% used [0x00000000d6000000,0x00000000d61fccb0,0x00000000d6200000)
  to   space 3584K, 0% used [0x00000000d6200000,0x00000000d6200000,0x00000000d6580000)
 ParOldGen       total 1129472K, used 1129177K [0x0000000080000000, 0x00000000c4f00000, 0x00000000d5580000)
  object space 1129472K, 99% used [0x0000000080000000,0x00000000c4eb64b0,0x00000000c4f00000)
 Metaspace       used 77651K, committed 79232K, reserved 1179648K
  class space    used 8081K, committed 8832K, reserved 1048576K
}
Event: 2799.634 GC heap after
{Heap after GC invocations=2141 (full 3):
 PSYoungGen      total 11264K, used 2901K [0x00000000d5580000, 0x00000000d6500000, 0x0000000100000000)
  eden space 8192K, 0% used [0x00000000d5580000,0x00000000d5580000,0x00000000d5d80000)
  from space 3072K, 94% used [0x00000000d6200000,0x00000000d64d5590,0x00000000d6500000)
  to   space 3584K, 0% used [0x00000000d5e00000,0x00000000d5e00000,0x00000000d6180000)
 ParOldGen       total 1131520K, used 1131126K [0x0000000080000000, 0x00000000c5100000, 0x00000000d5580000)
  object space 1131520K, 99% used [0x0000000080000000,0x00000000c509d9b0,0x00000000c5100000)
 Metaspace       used 77651K, committed 79232K, reserved 1179648K
  class space    used 8081K, committed 8832K, reserved 1048576K
}
Event: 2799.747 GC heap before
{Heap before GC invocations=2142 (full 3):
 PSYoungGen      total 11264K, used 10970K [0x00000000d5580000, 0x00000000d6500000, 0x0000000100000000)
  eden space 8192K, 98% used [0x00000000d5580000,0x00000000d5d61450,0x00000000d5d80000)
  from space 3072K, 94% used [0x00000000d6200000,0x00000000d64d5590,0x00000000d6500000)
  to   space 3584K, 0% used [0x00000000d5e00000,0x00000000d5e00000,0x00000000d6180000)
 ParOldGen       total 1131520K, used 1131126K [0x0000000080000000, 0x00000000c5100000, 0x00000000d5580000)
  object space 1131520K, 99% used [0x0000000080000000,0x00000000c509d9b0,0x00000000c5100000)
 Metaspace       used 77721K, committed 79296K, reserved 1179648K
  class space    used 8085K, committed 8832K, reserved 1048576K
}
Event: 2799.753 GC heap after
{Heap after GC invocations=2142 (full 3):
 PSYoungGen      total 10752K, used 2342K [0x00000000d5580000, 0x00000000d6380000, 0x0000000100000000)
  eden space 8192K, 0% used [0x00000000d5580000,0x00000000d5580000,0x00000000d5d80000)
  from space 2560K, 91% used [0x00000000d5e00000,0x00000000d60498c8,0x00000000d6080000)
  to   space 3072K, 0% used [0x00000000d6080000,0x00000000d6080000,0x00000000d6380000)
 ParOldGen       total 1133568K, used 1133430K [0x0000000080000000, 0x00000000c5300000, 0x00000000d5580000)
  object space 1133568K, 99% used [0x0000000080000000,0x00000000c52dd928,0x00000000c5300000)
 Metaspace       used 77721K, committed 79296K, reserved 1179648K
  class space    used 8085K, committed 8832K, reserved 1048576K
}
Event: 2799.983 GC heap before
{Heap before GC invocations=2143 (full 3):
 PSYoungGen      total 10752K, used 10534K [0x00000000d5580000, 0x00000000d6380000, 0x0000000100000000)
  eden space 8192K, 100% used [0x00000000d5580000,0x00000000d5d80000,0x00000000d5d80000)
  from space 2560K, 91% used [0x00000000d5e00000,0x00000000d60498c8,0x00000000d6080000)
  to   space 3072K, 0% used [0x00000000d6080000,0x00000000d6080000,0x00000000d6380000)
 ParOldGen       total 1133568K, used 1133430K [0x0000000080000000, 0x00000000c5300000, 0x00000000d5580000)
  object space 1133568K, 99% used [0x0000000080000000,0x00000000c52dd928,0x00000000c5300000)
 Metaspace       used 77724K, committed 79296K, reserved 1179648K
  class space    used 8085K, committed 8832K, reserved 1048576K
}
Event: 2799.986 GC heap after
{Heap after GC invocations=2143 (full 3):
 PSYoungGen      total 8704K, used 3063K [0x00000000d5580000, 0x00000000d6880000, 0x0000000100000000)
  eden space 5632K, 0% used [0x00000000d5580000,0x00000000d5580000,0x00000000d5b00000)
  from space 3072K, 99% used [0x00000000d6080000,0x00000000d637def8,0x00000000d6380000)
  to   space 5632K, 0% used [0x00000000d5b00000,0x00000000d5b00000,0x00000000d6080000)
 ParOldGen       total 1135616K, used 1135119K [0x0000000080000000, 0x00000000c5500000, 0x00000000d5580000)
  object space 1135616K, 99% used [0x0000000080000000,0x00000000c5483f40,0x00000000c5500000)
 Metaspace       used 77724K, committed 79296K, reserved 1179648K
  class space    used 8085K, committed 8832K, reserved 1048576K
}

